#
# There is insufficient memory for the Java Runtime Environment to continue.
# Native memory allocation (mmap) failed to map 260046848 bytes for Failed to commit area from 0x0000000708c00000 to 0x0000000718400000 of length 260046848.
# Possible reasons:
#   The system is out of physical RAM or swap space
#   The process is running with CompressedOops enabled, and the Java Heap may be blocking the growth of the native heap
# Possible solutions:
#   Reduce memory load on the system
#   Increase physical memory or swap space
#   Check if swap backing store is full
#   Decrease Java heap size (-Xmx/-Xms)
#   Decrease number of Java threads
#   Decrease Java thread stack sizes (-Xss)
#   Set larger code cache with -XX:ReservedCodeCacheSize=
# This output file may be truncated or incomplete.
#
#  Out of Memory Error (c:/BuildAgent/work/5ff2f6c26000d570/src/hotspot/os/windows/os_windows.cpp:3281), pid=16448, tid=3556
#
# JRE version:  (11.0.4+10) (build )
# Java VM: OpenJDK 64-Bit Server VM (11.0.4+10-b304.78, mixed mode, aot, sharing, tiered, compressed oops, g1 gc, windows-amd64)
# No core dump will be written. Minidumps are not enabled by default on client versions of Windows
#

---------------  S U M M A R Y ------------

Command Line: org.jetbrains.git4idea.http.GitAskPassApp Username for 'https://github.com': 

Host: Intel(R) Core(TM) i5-6600 CPU @ 3.30GHz, 4 cores, 15G,  Windows 10 , 64 bit Build 18362 (10.0.18362.778)
Time: Fri Apr 24 18:19:07 2020 Russie TZ 2 elapsed time: 0 seconds (0d 0h 0m 0s)

---------------  T H R E A D  ---------------

Current thread (0x0000020c041b8800):  JavaThread "Unknown thread" [_thread_in_vm, id=3556, stack(0x0000001d6b900000,0x0000001d6ba00000)]

Stack: [0x0000001d6b900000,0x0000001d6ba00000]
Native frames: (J=compiled Java code, j=interpreted, Vv=VM code, C=native code)
V  [jvm.dll+0x5db31a]
V  [jvm.dll+0x70c395]
V  [jvm.dll+0x70d8b8]
V  [jvm.dll+0x70df83]
V  [jvm.dll+0x23dbb8]
V  [jvm.dll+0x5d8a74]
V  [jvm.dll+0x5cdb05]
V  [jvm.dll+0x2fa5bb]
V  [jvm.dll+0x2fa52a]
V  [jvm.dll+0x2fa402]
V  [jvm.dll+0x2ff2c6]
V  [jvm.dll+0x347893]
V  [jvm.dll+0x347f96]
V  [jvm.dll+0x347993]
V  [jvm.dll+0x2d4e28]
V  [jvm.dll+0x2d5fd7]
V  [jvm.dll+0x6eb717]
V  [jvm.dll+0x6ecf0c]
V  [jvm.dll+0x354fb9]
V  [jvm.dll+0x6d35be]
V  [jvm.dll+0x3bd673]
V  [jvm.dll+0x3bf9f1]
C  [java.exe+0x3763]
C  [java.exe+0x17a0c]
C  [KERNEL32.DLL+0x17bd4]
C  [ntdll.dll+0x6ce51]


---------------  P R O C E S S  ---------------

Threads class SMR info:
_java_thread_list=0x0000020c02914c10, length=0, elements={
}

Java Threads: ( => current thread )

Other Threads:
  0x0000020c041ce800 GCTaskThread "GC Thread#0" [stack: 0x0000001d6ba00000,0x0000001d6bb00000] [id=8944]
  0x0000020c04227000 ConcurrentGCThread "G1 Main Marker" [stack: 0x0000001d6bb00000,0x0000001d6bc00000] [id=13456]
  0x0000020c04228800 ConcurrentGCThread "G1 Conc#0" [stack: 0x0000001d6bc00000,0x0000001d6bd00000] [id=19232]

[error occurred during error reporting (printing all threads), id 0xc0000005, EXCEPTION_ACCESS_VIOLATION (0xc0000005) at pc=0x00007fff9f1f5727]

VM state:not at safepoint (not fully initialized)

VM Mutex/Monitor currently owned by a thread:  ([mutex/lock_event])
[0x0000020c041b51d0] Heap_lock - owner thread: 0x0000020c041b8800

Heap address: 0x0000000708c00000, size: 3956 MB, Compressed Oops mode: Non-zero based: 0x0000000708c00000
Narrow klass base: 0x0000000000000000, Narrow klass shift: 0

GC Heap History (0 events):
No events

Deoptimization events (0 events):
No events

Classes redefined (0 events):
No events

Internal exceptions (0 events):
No events

Events (0 events):
No events


Dynamic libraries:
0x00007ff605b10000 - 0x00007ff605b57000 	C:\Program Files\JetBrains\PyCharm Community Edition 2019.2.3\jbr\bin\java.exe
0x00007ff817b60000 - 0x00007ff817d50000 	C:\WINDOWS\SYSTEM32\ntdll.dll
0x00007ff815c10000 - 0x00007ff815cc2000 	C:\WINDOWS\System32\KERNEL32.DLL
0x00007ff814af0000 - 0x00007ff814d93000 	C:\WINDOWS\System32\KERNELBASE.dll
0x00007ff816030000 - 0x00007ff8161c4000 	C:\WINDOWS\System32\USER32.dll
0x00007ff815a40000 - 0x00007ff815a61000 	C:\WINDOWS\System32\win32u.dll
0x00007ff815e10000 - 0x00007ff815e36000 	C:\WINDOWS\System32\GDI32.dll
0x00007ff815a70000 - 0x00007ff815c04000 	C:\WINDOWS\System32\gdi32full.dll
0x00007ff8158f0000 - 0x00007ff81598e000 	C:\WINDOWS\System32\msvcp_win.dll
0x00007ff8157f0000 - 0x00007ff8158ea000 	C:\WINDOWS\System32\ucrtbase.dll
0x00007ffffeb70000 - 0x00007ffffedf5000 	C:\WINDOWS\WinSxS\amd64_microsoft.windows.common-controls_6595b64144ccf1df_6.0.18362.778_none_e6c6b761130d4fb8\COMCTL32.dll
0x00007ff816700000 - 0x00007ff81679e000 	C:\WINDOWS\System32\msvcrt.dll
0x00007ff817620000 - 0x00007ff817956000 	C:\WINDOWS\System32\combase.dll
0x00007ff816330000 - 0x00007ff816450000 	C:\WINDOWS\System32\RPCRT4.dll
0x00007ff8155d0000 - 0x00007ff815650000 	C:\WINDOWS\System32\bcryptPrimitives.dll
0x00007ff816570000 - 0x00007ff81659e000 	C:\WINDOWS\System32\IMM32.DLL
0x00007ff809140000 - 0x00007ff809157000 	C:\Program Files\JetBrains\PyCharm Community Edition 2019.2.3\jbr\bin\vcruntime140.dll
0x00007fffefdd0000 - 0x00007fffefe6d000 	C:\Program Files\JetBrains\PyCharm Community Edition 2019.2.3\jbr\bin\msvcp140.dll
0x00007fff9ef10000 - 0x00007fff9f9c8000 	C:\Program Files\JetBrains\PyCharm Community Edition 2019.2.3\jbr\bin\server\jvm.dll
0x00007ff816e90000 - 0x00007ff816f33000 	C:\WINDOWS\System32\ADVAPI32.dll
0x00007ff8173d0000 - 0x00007ff817467000 	C:\WINDOWS\System32\sechost.dll
0x00007ff816f50000 - 0x00007ff816f58000 	C:\WINDOWS\System32\PSAPI.DLL
0x00007ff8047a0000 - 0x00007ff8047a9000 	C:\WINDOWS\SYSTEM32\WSOCK32.dll
0x00007ff812b00000 - 0x00007ff812b24000 	C:\WINDOWS\SYSTEM32\WINMM.dll
0x00007ff80ea30000 - 0x00007ff80ea3a000 	C:\WINDOWS\SYSTEM32\VERSION.dll
0x00007ff8162c0000 - 0x00007ff81632f000 	C:\WINDOWS\System32\WS2_32.dll
0x00007ff8129a0000 - 0x00007ff8129cd000 	C:\WINDOWS\SYSTEM32\WINMMBASE.dll
0x00007ff814da0000 - 0x00007ff814dea000 	C:\WINDOWS\System32\cfgmgr32.dll
0x00007ff814a30000 - 0x00007ff814a41000 	C:\WINDOWS\System32\kernel.appcore.dll
0x00007ff80d840000 - 0x00007ff80d851000 	C:\Program Files\JetBrains\PyCharm Community Edition 2019.2.3\jbr\bin\verify.dll
0x00007ff802f10000 - 0x00007ff803104000 	C:\WINDOWS\SYSTEM32\DBGHELP.DLL
0x00007ff804770000 - 0x00007ff80479a000 	C:\WINDOWS\SYSTEM32\dbgcore.DLL
0x00007ff80d550000 - 0x00007ff80d579000 	C:\Program Files\JetBrains\PyCharm Community Edition 2019.2.3\jbr\bin\java.dll
0x00007ff809180000 - 0x00007ff809197000 	C:\Program Files\JetBrains\PyCharm Community Edition 2019.2.3\jbr\bin\zip.dll
0x00007ff812c40000 - 0x00007ff812c4b000 	C:\Program Files\JetBrains\PyCharm Community Edition 2019.2.3\jbr\bin\jimage.dll

dbghelp: loaded successfully - version: 4.0.5 - missing functions: none
symbol engine: initialized successfully - sym options: 0x614 - pdb path: .;C:\Program Files\JetBrains\PyCharm Community Edition 2019.2.3\jbr\bin;C:\WINDOWS\SYSTEM32;C:\WINDOWS\WinSxS\amd64_microsoft.windows.common-controls_6595b64144ccf1df_6.0.18362.778_none_e6c6b761130d4fb8;C:\Program Files\JetBrains\PyCharm Community Edition 2019.2.3\jbr\bin\server

VM Arguments:
java_command: org.jetbrains.git4idea.http.GitAskPassApp Username for 'https://github.com': 
java_class_path (initial): C:/Program Files/JetBrains/PyCharm Community Edition 2019.2.3/plugins/git4idea/lib/git4idea-rt.jar;C:/Program Files/JetBrains/PyCharm Community Edition 2019.2.3/lib/xmlrpc-2.0.1.jar;C:/Program Files/JetBrains/PyCharm Community Edition 2019.2.3/lib/commons-codec-1.13.jar;C:/Program Files/JetBrains/PyCharm Community Edition 2019.2.3/lib/util.jar
Launcher Type: SUN_STANDARD

[Global flags]
     intx CICompilerCount                          = 3                                         {product} {ergonomic}
     uint ConcGCThreads                            = 1                                         {product} {ergonomic}
     uint G1ConcRefinementThreads                  = 4                                         {product} {ergonomic}
   size_t G1HeapRegionSize                         = 1048576                                   {product} {ergonomic}
    uintx GCDrainStackTargetSize                   = 64                                        {product} {ergonomic}
   size_t InitialHeapSize                          = 260046848                                 {product} {ergonomic}
   size_t MarkStackSize                            = 4194304                                   {product} {ergonomic}
   size_t MaxHeapSize                              = 4148166656                                {product} {ergonomic}
   size_t MinHeapDeltaBytes                        = 1048576                                   {product} {ergonomic}
    uintx NonNMethodCodeHeapSize                   = 5830092                                {pd product} {ergonomic}
    uintx NonProfiledCodeHeapSize                  = 122914074                              {pd product} {ergonomic}
    uintx ProfiledCodeHeapSize                     = 122914074                              {pd product} {ergonomic}
    uintx ReservedCodeCacheSize                    = 251658240                              {pd product} {ergonomic}
     bool SegmentedCodeCache                       = true                                      {product} {ergonomic}
     bool UseCompressedClassPointers               = true                                 {lp64_product} {ergonomic}
     bool UseCompressedOops                        = true                                 {lp64_product} {ergonomic}
     bool UseG1GC                                  = true                                      {product} {ergonomic}
     bool UseLargePagesIndividualAllocation        = false                                  {pd product} {ergonomic}

Logging:
Log output configuration:
 #0: stdout all=warning uptime,level,tags
 #1: stderr all=off uptime,level,tags

Environment Variables:
PATH=C:\Program Files\Git\mingw64\libexec\git-core;C:\Program Files\Git\mingw64\libexec\git-core;C:\Program Files\Git\mingw64\bin;C:\Program Files\Git\usr\bin;C:\Users\user\bin;C:\Program Files (x86)\Common Files\Oracle\Java\javapath;C:\WINDOWS\system32;C:\WINDOWS;C:\WINDOWS\System32\Wbem;C:\WINDOWS\System32\WindowsPowerShell\v1.0;C:\WINDOWS\System32\OpenSSH;C:\Program Files\Git\cmd;C:\Program Files\Microsoft SQL Server\130\Tools\Binn;C:\Program Files (x86)\gnupg\bin;C:\Python\Python37\Scripts;C:\Python\Python37;C:\Users\user\AppData\Local\Microsoft\WindowsApps;C:\Program Files\JetBrains\PyCharm Community Edition 2019.2.3\bin;C:\wamp64\bin\php\php7.3.5;C:\Users\user\AppData\Local\GitHubDesktop\bin;C:\cygwin64\bin;C:\Users\user\Documents\IDM Computer Solutions\UltraEdit;C:\Program Files (x86)\gnupg;C:\MinGW;C:\Program Files\JetBrains\PyCharm Professional Edition with Anaconda plugin 2019.3.1\bin;C:\Program Files\JetBrains\PyCharm 2019.3.3\bin
USERNAME=user
DISPLAY=:0.0
OS=Windows_NT
PROCESSOR_IDENTIFIER=Intel64 Family 6 Model 94 Stepping 3, GenuineIntel



---------------  S Y S T E M  ---------------

OS: Windows 10 , 64 bit Build 18362 (10.0.18362.778)

CPU:total 4 (initial active 4) (4 cores per cpu, 1 threads per core) family 6 model 94 stepping 3, cmov, cx8, fxsr, mmx, sse, sse2, sse3, ssse3, sse4.1, sse4.2, popcnt, avx, avx2, aes, clmul, erms, rtm, 3dnowpref, lzcnt, tsc, tscinvbit, bmi1, bmi2, adx, fma

Memory: 4k page, system-wide physical 15822M (5021M free)
TotalPageFile size 64974M (AvailPageFile size 201M)
current process WorkingSet (physical memory assigned to process): 10M, peak: 10M
current process commit charge ("private bytes"): 52M, peak: 300M

vm_info: OpenJDK 64-Bit Server VM (11.0.4+10-b304.78) for windows-amd64 JRE (11.0.4+10-b304.78), built on Nov  5 2019 14:06:16 by "" with MS VC++ 14.0 (VS2015)

END.
